app/build/outputs/logs/manifest-merger-debug-report.txt
-- Merging decision tree log ---
manifest
ADDED from src/main/AndroidManifest.xml:2:1-23:12
	xmlns:android
		ADDED from src/main/AndroidManifest.xml:2:11-69
	package
		ADDED from src/main/AndroidManifest.xml:3:11-60
		INJECTED from src/main/AndroidManifest.xml
		INJECTED from src/main/AndroidManifest.xml
	android:versionName
		ADDED from src/main/AndroidManifest.xml:5:11-36
	android:versionCode
		ADDED from src/main/AndroidManifest.xml:4:11-34
		INJECTED from src/main/AndroidManifest.xml
		INJECTED from src/main/AndroidManifest.xml
uses-sdk
ADDED from src/main/AndroidManifest.xml:6:5-72
	android:targetSdkVersion
		ADDED from src/main/AndroidManifest.xml:6:41-70
		INJECTED from src/main/AndroidManifest.xml
		INJECTED from src/main/AndroidManifest.xml
	android:minSdkVersion
		ADDED from src/main/AndroidManifest.xml:6:15-40
		INJECTED from src/main/AndroidManifest.xml
		INJECTED from src/main/AndroidManifest.xml
application
ADDED from src/main/AndroidManifest.xml:7:5-22:19
	android:label
		ADDED from src/main/AndroidManifest.xml:7:18-50
	android:icon
		ADDED from src/main/AndroidManifest.xml:8:56-92
activity#org.hopto.mjancola.android.task_tracker.HomeActivity
ADDED from src/main/AndroidManifest.xml:9:9-11:20
	android:label
		ADDED from src/main/AndroidManifest.xml:10:19-47
	android:name
		ADDED from src/main/AndroidManifest.xml:9:19-46
activity#org.hopto.mjancola.android.task_tracker.OverdueActivity
ADDED from src/main/AndroidManifest.xml:12:9-18:20
	android:label
		ADDED from src/main/AndroidManifest.xml:13:19-47
	android:name
		ADDED from src/main/AndroidManifest.xml:12:19-49
intent-filter#android.intent.action.MAIN+android.intent.category.LAUNCHER
ADDED from src/main/AndroidManifest.xml:14:13-17:29
action#android.intent.action.MAIN
ADDED from src/main/AndroidManifest.xml:15:17-68
	android:name
		ADDED from src/main/AndroidManifest.xml:15:25-66
category#android.intent.category.LAUNCHER
ADDED from src/main/AndroidManifest.xml:16:17-76
	android:name
		ADDED from src/main/AndroidManifest.xml:16:27-74
activity#org.hopto.mjancola.android.task_tracker.TaskActivity
ADDED from src/main/AndroidManifest.xml:19:9-21:20
	android:windowSoftInputMode
		ADDED from src/main/AndroidManifest.xml:20:19-60
	android:name
		ADDED from src/main/AndroidManifest.xml:19:19-47